<?xml version="1.0" encoding="UTF-8"?>
<testsuite xmlns:xsi="http://www.w3.org/2001/XMLSchema-instance" xsi:noNamespaceSchemaLocation="https://maven.apache.org/surefire/maven-surefire-plugin/xsd/surefire-test-report-3.0.xsd" version="3.0" name="dk.ku.di.oodcr.parser.DCRGraphGrammarParserTest" time="0.144" tests="24" errors="0" skipped="0" failures="0">
  <properties>
    <property name="sun.desktop" value="windows"/>
    <property name="awt.toolkit" value="sun.awt.windows.WToolkit"/>
    <property name="java.specification.version" value="11"/>
    <property name="sun.cpu.isalist" value="amd64"/>
    <property name="sun.jnu.encoding" value="Cp1252"/>
    <property name="java.class.path" value="C:\git\SoftwareEngineering\target\test-classes;C:\git\SoftwareEngineering\target\classes;C:\Users\mauri\.m2\repository\org\antlr\antlr4-runtime\4.8-1\antlr4-runtime-4.8-1.jar;C:\Users\mauri\.m2\repository\org\jgrapht\jgrapht-core\1.4.0\jgrapht-core-1.4.0.jar;C:\Users\mauri\.m2\repository\org\jheaps\jheaps\0.11\jheaps-0.11.jar;C:\Users\mauri\.m2\repository\org\junit\jupiter\junit-jupiter-api\5.6.0\junit-jupiter-api-5.6.0.jar;C:\Users\mauri\.m2\repository\org\apiguardian\apiguardian-api\1.1.0\apiguardian-api-1.1.0.jar;C:\Users\mauri\.m2\repository\org\opentest4j\opentest4j\1.2.0\opentest4j-1.2.0.jar;C:\Users\mauri\.m2\repository\org\junit\platform\junit-platform-commons\1.6.0\junit-platform-commons-1.6.0.jar;"/>
    <property name="java.vm.vendor" value="JetBrains s.r.o"/>
    <property name="sun.arch.data.model" value="64"/>
    <property name="user.variant" value=""/>
    <property name="java.vendor.url" value="https://www.jetbrains.com/"/>
    <property name="user.timezone" value="Europe/Paris"/>
    <property name="java.vm.specification.version" value="11"/>
    <property name="os.name" value="Windows 10"/>
    <property name="sun.java.launcher" value="SUN_STANDARD"/>
    <property name="user.country" value="GB"/>
    <property name="sun.boot.library.path" value="C:\Program Files\JetBrains\IntelliJ IDEA 2019.3.3\jbr\bin"/>
    <property name="sun.java.command" value="C:\Users\mauri\AppData\Local\Temp\surefire272496075831537986\surefirebooter5950147124749340801.jar C:\Users\mauri\AppData\Local\Temp\surefire272496075831537986 2020-03-23T18-02-51_195-jvmRun1 surefire7980245602156430231tmp surefire_09208422326425945848tmp"/>
    <property name="jdk.debug" value="release"/>
    <property name="surefire.test.class.path" value="C:\git\SoftwareEngineering\target\test-classes;C:\git\SoftwareEngineering\target\classes;C:\Users\mauri\.m2\repository\org\antlr\antlr4-runtime\4.8-1\antlr4-runtime-4.8-1.jar;C:\Users\mauri\.m2\repository\org\jgrapht\jgrapht-core\1.4.0\jgrapht-core-1.4.0.jar;C:\Users\mauri\.m2\repository\org\jheaps\jheaps\0.11\jheaps-0.11.jar;C:\Users\mauri\.m2\repository\org\junit\jupiter\junit-jupiter-api\5.6.0\junit-jupiter-api-5.6.0.jar;C:\Users\mauri\.m2\repository\org\apiguardian\apiguardian-api\1.1.0\apiguardian-api-1.1.0.jar;C:\Users\mauri\.m2\repository\org\opentest4j\opentest4j\1.2.0\opentest4j-1.2.0.jar;C:\Users\mauri\.m2\repository\org\junit\platform\junit-platform-commons\1.6.0\junit-platform-commons-1.6.0.jar;"/>
    <property name="sun.cpu.endian" value="little"/>
    <property name="user.home" value="C:\Users\mauri"/>
    <property name="user.language" value="en"/>
    <property name="java.specification.vendor" value="Oracle Corporation"/>
    <property name="java.version.date" value="2019-10-15"/>
    <property name="java.home" value="C:\Program Files\JetBrains\IntelliJ IDEA 2019.3.3\jbr"/>
    <property name="file.separator" value="\"/>
    <property name="basedir" value="C:\git\SoftwareEngineering"/>
    <property name="java.vm.compressedOopsMode" value="Zero based"/>
    <property name="line.separator" value="&#10;"/>
    <property name="java.specification.name" value="Java Platform API Specification"/>
    <property name="java.vm.specification.vendor" value="Oracle Corporation"/>
    <property name="java.awt.graphicsenv" value="sun.awt.Win32GraphicsEnvironment"/>
    <property name="surefire.real.class.path" value="C:\Users\mauri\AppData\Local\Temp\surefire272496075831537986\surefirebooter5950147124749340801.jar"/>
    <property name="user.script" value=""/>
    <property name="sun.management.compiler" value="HotSpot 64-Bit Tiered Compilers"/>
    <property name="java.runtime.version" value="11.0.5+10-b520.38"/>
    <property name="user.name" value="mauri"/>
    <property name="path.separator" value=";"/>
    <property name="os.version" value="10.0"/>
    <property name="java.runtime.name" value="OpenJDK Runtime Environment"/>
    <property name="file.encoding" value="Cp1252"/>
    <property name="java.vm.name" value="OpenJDK 64-Bit Server VM"/>
    <property name="localRepository" value="C:\Users\mauri\.m2\repository"/>
    <property name="java.vendor.url.bug" value="https://youtrack.jetbrains.com"/>
    <property name="java.io.tmpdir" value="C:\Users\mauri\AppData\Local\Temp\"/>
    <property name="java.version" value="11.0.5"/>
    <property name="user.dir" value="C:\git\SoftwareEngineering"/>
    <property name="os.arch" value="amd64"/>
    <property name="java.vm.specification.name" value="Java Virtual Machine Specification"/>
    <property name="java.awt.printerjob" value="sun.awt.windows.WPrinterJob"/>
    <property name="sun.os.patch.level" value=""/>
    <property name="idea.version2019.3.3" value="true"/>
    <property name="java.library.path" value="C:\Program Files\JetBrains\IntelliJ IDEA 2019.3.3\jbr\bin;C:\WINDOWS\Sun\Java\bin;C:\WINDOWS\system32;C:\WINDOWS;C:\Program Files (x86)\Common Files\Oracle\Java\javapath;C:\Program Files (x86)\Intel\Intel(R) Management Engine Components\iCLS\;C:\Program Files\Intel\Intel(R) Management Engine Components\iCLS\;C:\Windows\system32;C:\Windows;C:\Windows\System32\Wbem;C:\Windows\System32\WindowsPowerShell\v1.0\;C:\Windows\System32\OpenSSH\;C:\Program Files (x86)\Intel\Intel(R) Management Engine Components\DAL;C:\Program Files\Intel\Intel(R) Management Engine Components\DAL;C:\Program Files (x86)\Intel\Intel(R) Management Engine Components\IPT;C:\Program Files\Intel\Intel(R) Management Engine Components\IPT;C:\Program Files (x86)\NVIDIA Corporation\PhysX\Common;C:\Program Files\Microsoft SQL Server\130\Tools\Binn\;C:\Program Files\dotnet\;C:\Program Files (x86)\Microsoft SQL Server\Client SDK\ODBC\130\Tools\Binn\;C:\Program Files (x86)\Microsoft SQL Server\140\Tools\Binn\;C:\Program Files (x86)\Microsoft SQL Server\140\DTS\Binn\;C:\Program Files (x86)\Microsoft SQL Server\140\Tools\Binn\ManagementStudio\;C:\Program Files\Microsoft SQL Server\Client SDK\ODBC\130\Tools\Binn\;C:\Program Files\Microsoft SQL Server\140\Tools\Binn\;C:\Program Files\Microsoft SQL Server\140\DTS\Binn\;C:\Program Files\NVIDIA Corporation\NVIDIA NvDLISR;C:\Program Files\Microsoft SQL Server\Client SDK\ODBC\170\Tools\Binn\;C:\Program Files\nodejs\;C:\WINDOWS\system32;C:\WINDOWS;C:\WINDOWS\System32\Wbem;C:\WINDOWS\System32\WindowsPowerShell\v1.0\;C:\WINDOWS\System32\OpenSSH\;C:\Program Files (x86)\Microsoft Research\Scientific DataSet 1.3\;C:\Users\mauri\AppData\Local\Microsoft\WindowsApps;C:\texlive\2018\bin\win32;C:\Users\mauri\AppData\Roaming\npm;C:\Users\mauri\AppData\Local\Programs\Microsoft VS Code\bin;C:\Users\mauri\AppData\Local\Microsoft\WindowsApps;C:\Users\mauri\AppData\Local\atom\bin;C:\Program Files (x86)\FAHClient;."/>
    <property name="java.vendor" value="JetBrains s.r.o"/>
    <property name="java.vm.info" value="mixed mode, sharing"/>
    <property name="java.vm.version" value="11.0.5+10-b520.38"/>
    <property name="sun.io.unicode.encoding" value="UnicodeLittle"/>
    <property name="java.class.version" value="55.0"/>
  </properties>
  <testcase name="responses" classname="dk.ku.di.oodcr.parser.DCRGraphGrammarParserTest" time="0.074"/>
  <testcase name="relationshipsSizeTenTest" classname="dk.ku.di.oodcr.parser.DCRGraphGrammarParserTest" time="0.006"/>
  <testcase name="relationshipsSizeOneTest" classname="dk.ku.di.oodcr.parser.DCRGraphGrammarParserTest" time="0"/>
  <testcase name="graphTest" classname="dk.ku.di.oodcr.parser.DCRGraphGrammarParserTest" time="0.007"/>
  <testcase name="conditions" classname="dk.ku.di.oodcr.parser.DCRGraphGrammarParserTest" time="0.002"/>
  <testcase name="sizeOneGraphTest" classname="dk.ku.di.oodcr.parser.DCRGraphGrammarParserTest" time="0.001"/>
  <testcase name="eventNameTest" classname="dk.ku.di.oodcr.parser.DCRGraphGrammarParserTest" time="0"/>
  <testcase name="relationshipsSizeFiveTest" classname="dk.ku.di.oodcr.parser.DCRGraphGrammarParserTest" time="0.001"/>
  <testcase name="includes" classname="dk.ku.di.oodcr.parser.DCRGraphGrammarParserTest" time="0"/>
  <testcase name="eventMarkingsTest000" classname="dk.ku.di.oodcr.parser.DCRGraphGrammarParserTest" time="0"/>
  <testcase name="eventMarkingsTest001" classname="dk.ku.di.oodcr.parser.DCRGraphGrammarParserTest" time="0"/>
  <testcase name="eventMarkingsTest010" classname="dk.ku.di.oodcr.parser.DCRGraphGrammarParserTest" time="0.001"/>
  <testcase name="eventMarkingsTest011" classname="dk.ku.di.oodcr.parser.DCRGraphGrammarParserTest" time="0"/>
  <testcase name="eventMarkingsTest100" classname="dk.ku.di.oodcr.parser.DCRGraphGrammarParserTest" time="0.001"/>
  <testcase name="eventMarkingsTest101" classname="dk.ku.di.oodcr.parser.DCRGraphGrammarParserTest" time="0.001"/>
  <testcase name="eventMarkingsTest110" classname="dk.ku.di.oodcr.parser.DCRGraphGrammarParserTest" time="0"/>
  <testcase name="eventMarkingsTest111" classname="dk.ku.di.oodcr.parser.DCRGraphGrammarParserTest" time="0.001"/>
  <testcase name="eventLabelTest" classname="dk.ku.di.oodcr.parser.DCRGraphGrammarParserTest" time="0.001"/>
  <testcase name="emptyGraphTest" classname="dk.ku.di.oodcr.parser.DCRGraphGrammarParserTest" time="0.001"/>
  <testcase name="relationshipsSizeZeroTest" classname="dk.ku.di.oodcr.parser.DCRGraphGrammarParserTest" time="0"/>
  <testcase name="sizeFiveGraphTest" classname="dk.ku.di.oodcr.parser.DCRGraphGrammarParserTest" time="0.003"/>
  <testcase name="milestones" classname="dk.ku.di.oodcr.parser.DCRGraphGrammarParserTest" time="0.001"/>
  <testcase name="sizeTenGraphTest" classname="dk.ku.di.oodcr.parser.DCRGraphGrammarParserTest" time="0.002"/>
  <testcase name="excludes" classname="dk.ku.di.oodcr.parser.DCRGraphGrammarParserTest" time="0.002"/>
</testsuite>